<?xml version="1.0" encoding="UTF-8"?>
<!-- Generated by org.testng.reporters.JUnitReportReporter -->
<testsuite hostname="DESKTOP-CJGS9IU" failures="0" tests="1" name="TestRunner.Run" time="12.273" errors="0" timestamp="2023-06-24T00:19:20 PDT" skipped="0">
  <testcase classname="TestRunner.Run" name="runScenario" time="12.273"/>
  <system-out/>
</testsuite> <!-- TestRunner.Run -->
