<?xml version="1.0" encoding="UTF-8"?>
<!-- Generated by org.testng.reporters.JUnitReportReporter -->
<testsuite hostname="DESKTOP-CJGS9IU" failures="0" tests="1" name="TestRunner.Run" time="30.509" errors="0" timestamp="2023-10-12T19:43:05 IST" skipped="0">
  <testcase classname="TestRunner.Run" name="runScenario" time="30.509"/>
  <system-out/>
</testsuite> <!-- TestRunner.Run -->
