<?xml version="1.0" encoding="UTF-8"?>
<!-- Generated by org.testng.reporters.JUnitReportReporter -->
<testsuite hostname="DESKTOP-CJGS9IU" failures="0" tests="3" name="TestRunner.Run" time="79.890" errors="0" timestamp="2023-08-02T13:41:30 IST" skipped="0">
  <testcase classname="TestRunner.Run" name="runScenario" time="16.800"/>
  <system-out/>
  <testcase classname="TestRunner.Run" name="runScenario" time="33.934"/>
  <system-out/>
  <testcase classname="TestRunner.Run" name="runScenario" time="29.156"/>
  <system-out/>
</testsuite> <!-- TestRunner.Run -->
