<?xml version="1.0" encoding="UTF-8"?>
<!-- Generated by org.testng.reporters.JUnitReportReporter -->
<testsuite hostname="DESKTOP-CJGS9IU" failures="1" tests="6" name="TestRunner.Run" time="228.642" errors="0" timestamp="2023-10-09T21:50:26 IST" skipped="0">
  <testcase classname="TestRunner.Run" name="runScenario" time="55.959"/>
  <system-out/>
  <testcase classname="TestRunner.Run" name="runScenario" time="38.658"/>
  <system-out/>
  <testcase classname="TestRunner.Run" name="runScenario" time="27.575"/>
  <system-out/>
  <testcase classname="TestRunner.Run" name="runScenario" time="45.593"/>
  <system-out/>
  <testcase classname="TestRunner.Run" name="runScenario" time="20.940">
    <failure type="java.lang.AssertionError">
      <![CDATA[java.lang.AssertionError
at org.junit.Assert.fail(Assert.java:86)
at org.junit.Assert.assertTrue(Assert.java:41)
at org.junit.Assert.assertTrue(Assert.java:52)
at StepDefination.StepDef.page_title_should_be(StepDef.java:142)
at âœ½.Page Title should be "Dashboard / nopCommerce administration"(file:///F:/Projects/my%20projects/BDDFramework-master/BDDFramework-master/./Features/LoginFeature.feature:20)
]]>
    </failure>
  </testcase> <!-- runScenario -->
  <system-out/>
  <testcase classname="TestRunner.Run" name="runScenario" time="39.917"/>
  <system-out/>
</testsuite> <!-- TestRunner.Run -->
