<?xml version="1.0" encoding="UTF-8"?>
<!-- Generated by org.testng.reporters.JUnitReportReporter -->
<testsuite hostname="DESKTOP-CJGS9IU" failures="0" tests="1" name="TestRunner.Run" time="94.240" errors="0" timestamp="2023-09-30T22:58:36 IST" skipped="0">
  <testcase classname="TestRunner.Run" name="runScenario" time="94.240"/>
  <system-out/>
</testsuite> <!-- TestRunner.Run -->
