<?xml version="1.0" encoding="UTF-8"?>
<!-- Generated by org.testng.reporters.JUnitReportReporter -->
<testsuite hostname="DESKTOP-CJGS9IU" failures="1" tests="6" name="TestRunner.Run" time="208.806" errors="0" timestamp="2023-08-02T16:36:50 IST" skipped="0">
  <testcase classname="TestRunner.Run" name="runScenario" time="30.344"/>
  <system-out/>
  <testcase classname="TestRunner.Run" name="runScenario" time="16.905">
    <failure type="java.lang.AssertionError">
      <![CDATA[java.lang.AssertionError
at org.junit.Assert.fail(Assert.java:86)
at org.junit.Assert.assertTrue(Assert.java:41)
at org.junit.Assert.assertTrue(Assert.java:52)
at StepDefination.StepDef.page_title_should_be(StepDef.java:69)
at âœ½.Page Title should be "Dashboard / nopCommerce administration"(file:///F:/Projects/my%20projects/BDDFramework-master/BDDFramework-master/./Features/LoginFeature.feature:20)
]]>
    </failure>
  </testcase> <!-- runScenario -->
  <system-out/>
  <testcase classname="TestRunner.Run" name="runScenario" time="53.263"/>
  <system-out/>
  <testcase classname="TestRunner.Run" name="runScenario" time="25.076"/>
  <system-out/>
  <testcase classname="TestRunner.Run" name="runScenario" time="60.274"/>
  <system-out/>
  <testcase classname="TestRunner.Run" name="runScenario" time="22.944"/>
  <system-out/>
</testsuite> <!-- TestRunner.Run -->
